# JRE version: OpenJDK Runtime Environment Temurin-17.0.7+7 (17.0.7+7) (build 17.0.7+7)
# Java VM: OpenJDK 64-Bit Server VM Temurin-17.0.7+7 (17.0.7+7, mixed mode, tiered, compressed oops, compressed class ptrs, g1 gc, bsd-aarch64)
GC Precious Log:
 CPUs: 8 total, 8 available
 Memory: 8192M
 Large Page Support: Disabled
 NUMA Support: Disabled
 Compressed Oops: Enabled (Zero based)
 Heap Region Size: 1M
 Heap Min Capacity: 8M
 Heap Initial Capacity: 128M
 Heap Max Capacity: 2G
 Pre-touch: Disabled
 Parallel Workers: 8
 Concurrent Workers: 2
 Concurrent Refinement Workers: 8
 Periodic GC: Disabled
Heap:
 garbage-first heap   total 131072K, used 65632K [0x0000000780000000, 0x0000000800000000)
  region size 1024K, 61 young (62464K), 5 survivors (5120K)
 Metaspace       used 21097K, committed 21376K, reserved 1114112K
  class space    used 2017K, committed 2112K, reserved 1048576K
GC Heap History (12 events):
Event: 2.289 GC heap before
{Heap before GC invocations=0 (full 0):
 garbage-first heap   total 131072K, used 22528K [0x0000000780000000, 0x0000000800000000)
  region size 1024K, 23 young (23552K), 0 survivors (0K)
 Metaspace       used 13417K, committed 13568K, reserved 1114112K
  class space    used 1239K, committed 1344K, reserved 1048576K
}
Event: 2.300 GC heap after
{Heap after GC invocations=1 (full 0):
 garbage-first heap   total 131072K, used 2986K [0x0000000780000000, 0x0000000800000000)
  region size 1024K, 3 young (3072K), 3 survivors (3072K)
 Metaspace       used 13417K, committed 13568K, reserved 1114112K
  class space    used 1239K, committed 1344K, reserved 1048576K
}
Event: 3.932 GC heap before
{Heap before GC invocations=1 (full 0):
 garbage-first heap   total 131072K, used 34730K [0x0000000780000000, 0x0000000800000000)
  region size 1024K, 35 young (35840K), 3 survivors (3072K)
 Metaspace       used 20327K, committed 20544K, reserved 1114112K
  class space    used 2011K, committed 2112K, reserved 1048576K
}
Event: 3.941 GC heap after
{Heap after GC invocations=2 (full 0):
 garbage-first heap   total 131072K, used 5607K [0x0000000780000000, 0x0000000800000000)
  region size 1024K, 3 young (3072K), 3 survivors (3072K)
 Metaspace       used 20327K, committed 20544K, reserved 1114112K
  class space    used 2011K, committed 2112K, reserved 1048576K
}
Event: 9.117 GC heap before
{Heap before GC invocations=2 (full 0):
 garbage-first heap   total 131072K, used 80359K [0x0000000780000000, 0x0000000800000000)
  region size 1024K, 76 young (77824K), 3 survivors (3072K)
 Metaspace       used 20931K, committed 21184K, reserved 1114112K
  class space    used 2017K, committed 2112K, reserved 1048576K
}
Event: 9.165 GC heap after
{Heap after GC invocations=3 (full 0):
 garbage-first heap   total 131072K, used 10228K [0x0000000780000000, 0x0000000800000000)
  region size 1024K, 8 young (8192K), 8 survivors (8192K)
 Metaspace       used 20931K, committed 21184K, reserved 1114112K
  class space    used 2017K, committed 2112K, reserved 1048576K
}
Event: 13.888 GC heap before
{Heap before GC invocations=3 (full 0):
 garbage-first heap   total 131072K, used 79860K [0x0000000780000000, 0x0000000800000000)
  region size 1024K, 76 young (77824K), 8 survivors (8192K)
 Metaspace       used 21077K, committed 21376K, reserved 1114112K
  class space    used 2017K, committed 2112K, reserved 1048576K
}
Event: 13.931 GC heap after
{Heap after GC invocations=4 (full 0):
 garbage-first heap   total 131072K, used 9691K [0x0000000780000000, 0x0000000800000000)
  region size 1024K, 5 young (5120K), 5 survivors (5120K)
 Metaspace       used 21077K, committed 21376K, reserved 1114112K
  class space    used 2017K, committed 2112K, reserved 1048576K
}
Event: 19.233 GC heap before
{Heap before GC invocations=4 (full 0):
 garbage-first heap   total 131072K, used 82395K [0x0000000780000000, 0x0000000800000000)
  region size 1024K, 76 young (77824K), 5 survivors (5120K)
 Metaspace       used 21097K, committed 21376K, reserved 1114112K
  class space    used 2017K, committed 2112K, reserved 1048576K
}
Event: 19.246 GC heap after
{Heap after GC invocations=5 (full 0):
 garbage-first heap   total 131072K, used 9689K [0x0000000780000000, 0x0000000800000000)
  region size 1024K, 5 young (5120K), 5 survivors (5120K)
 Metaspace       used 21097K, committed 21376K, reserved 1114112K
  class space    used 2017K, committed 2112K, reserved 1048576K
}
Event: 24.206 GC heap before
{Heap before GC invocations=5 (full 0):
 garbage-first heap   total 131072K, used 82393K [0x0000000780000000, 0x0000000800000000)
  region size 1024K, 76 young (77824K), 5 survivors (5120K)
 Metaspace       used 21097K, committed 21376K, reserved 1114112K
  class space    used 2017K, committed 2112K, reserved 1048576K
}
Event: 24.287 GC heap after
{Heap after GC invocations=6 (full 0):
 garbage-first heap   total 131072K, used 9312K [0x0000000780000000, 0x0000000800000000)
  region size 1024K, 5 young (5120K), 5 survivors (5120K)
 Metaspace       used 21097K, committed 21376K, reserved 1114112K
  class space    used 2017K, committed 2112K, reserved 1048576K
}

